#separator \x09
#set_separator	,
#empty_field	(empty)
#unset_field	-
#path	ocsp
#open	2023-03-22-02-38-10
#fields	ts	id	hashAlgorithm	issuerNameHash	issuerKeyHash	serialNumber	certStatus	revoketime	revokereason	thisUpdate	nextUpdate
#types	time	string	string	string	string	string	string	time	string	time	time
1679426571.969134	FR6nkm26D2FiTQj5Zk	sha1	6B7064FE6A7443DC2D6D5B79ECACA7AE5C2EC33F	F8EF7FF2CD7867A8DE6F8F248D88F1870302B3EB	054FE6C075D2DAD96C0839AD	good	-	-	1679433219.000000	1679778818.000000
1679426571.973214	FcNZyP22RoeeyOs2li	sha1	6B7064FE6A7443DC2D6D5B79ECACA7AE5C2EC33F	F8EF7FF2CD7867A8DE6F8F248D88F1870302B3EB	054FE6C075D2DAD96C0839AD	good	-	-	1679433219.000000	1679778818.000000
1679426572.210365	FP4JYq1u4SjrSA6NQa	sha1	6B7064FE6A7443DC2D6D5B79ECACA7AE5C2EC33F	F8EF7FF2CD7867A8DE6F8F248D88F1870302B3EB	054FE6C075D2DAD96C0839AD	good	-	-	1679433219.000000	1679778818.000000
1679426572.321125	Fz4Vff4sHcScRF2UEl	sha1	6B7064FE6A7443DC2D6D5B79ECACA7AE5C2EC33F	F8EF7FF2CD7867A8DE6F8F248D88F1870302B3EB	054FE6C075D2DAD96C0839AD	good	-	-	1679433219.000000	1679778818.000000
1679426572.396075	FOdtH64ZIc1v9uhJuf	sha1	6B7064FE6A7443DC2D6D5B79ECACA7AE5C2EC33F	F8EF7FF2CD7867A8DE6F8F248D88F1870302B3EB	054FE6C075D2DAD96C0839AD	good	-	-	1679433219.000000	1679778818.000000
1679426573.503554	FZwzMP3qVxtu9V3qme	sha1	933232B4DE7362628418BEEE08CF27E7F4E24D74	587B8E752AFE6180AA904001AED6E807466E3F48	3C8896E23E10A38F2E0ED573	good	-	-	1679436705.000000	1679782304.000000
1679426573.534018	F8KFar10GEUrJyfhy	sha1	933232B4DE7362628418BEEE08CF27E7F4E24D74	587B8E752AFE6180AA904001AED6E807466E3F48	3C8896E23E10A38F2E0ED573	good	-	-	1679436705.000000	1679782304.000000
1679426585.031835	FxROFF4kxryKDaFJA1	sha1	933232B4DE7362628418BEEE08CF27E7F4E24D74	587B8E752AFE6180AA904001AED6E807466E3F48	5F2A85CC4D5382A565E5F087	good	-	-	1679431091.000000	1679776690.000000
1679426592.466700	FB5xbl4954kK2048aa	sha1	B6080D5F6C6B76EB13E438A5F8660BA85233344E	40C2BD278ECC348330A233D7FB6CB3F0B42C80CE	0A8EF72E968E028B	good	-	-	1679438360.000000	1679567960.000000
1679426595.894258	Fa5gB32jjn6eBUE8p8	sha1	84D56BF8098BD307B766D8E1EBAD6596AA6B6761	F5CDD53C0850F96A4F3AB797DA5683E669D268F7	35E8ABA565F5005A50A82DE6	good	-	-	1679429757.000000	1679775356.000000
1679426701.517563	Fikmug2oI0bJ1oegyg	sha1	6B7064FE6A7443DC2D6D5B79ECACA7AE5C2EC33F	F8EF7FF2CD7867A8DE6F8F248D88F1870302B3EB	1C216D3F57164A0683FBEB41	good	-	-	1679435964.000000	1679781563.000000
1679426703.862629	FN7Uj92BGxuKGEgrbk	sha1	6B7064FE6A7443DC2D6D5B79ECACA7AE5C2EC33F	F8EF7FF2CD7867A8DE6F8F248D88F1870302B3EB	06724624594AC1D599370A0C	good	-	-	1679437897.000000	1679783496.000000
1679426704.399399	FhpaJX2DrIwy2TtH57	sha1	6B7064FE6A7443DC2D6D5B79ECACA7AE5C2EC33F	F8EF7FF2CD7867A8DE6F8F248D88F1870302B3EB	06724624594AC1D599370A0C	good	-	-	1679437897.000000	1679783496.000000
1679426704.868891	FpL6JcXP1DddesLo3	sha1	6B7064FE6A7443DC2D6D5B79ECACA7AE5C2EC33F	F8EF7FF2CD7867A8DE6F8F248D88F1870302B3EB	06724624594AC1D599370A0C	good	-	-	1679437897.000000	1679783496.000000
1679426705.097758	F6NZyx4tBuceNALHXe	sha1	6B7064FE6A7443DC2D6D5B79ECACA7AE5C2EC33F	F8EF7FF2CD7867A8DE6F8F248D88F1870302B3EB	06724624594AC1D599370A0C	good	-	-	1679437897.000000	1679783496.000000
1679426705.182190	FOY5DL1XYdkAHprMS8	sha1	430BD20E4F137A1A6C918F24E5DA7E324D4733C8	8D8C5EC454AD8AE177E99BF99B05E1B8018D61E1	14B6BF0387DCD9C12F168E91545E7F0D	good	-	-	1679427665.000000	1680032464.000000
1679426709.728366	FMVEMp2NOHpkRZizm7	sha1	74B4E72319C765921540447BC7CE3E90C21876EB	A48DE5BE7C79E470236D2E2934AD2358DCF5317F	0D0B625DA1FCD2AC68668A7BC2FA3D3B	good	-	-	1679374621.000000	1679976721.000000
1679426709.866869	F9BFIq3N274I8qw6Qh	sha1	74B4E72319C765921540447BC7CE3E90C21876EB	A48DE5BE7C79E470236D2E2934AD2358DCF5317F	0D0B625DA1FCD2AC68668A7BC2FA3D3B	good	-	-	1679374621.000000	1679976721.000000
1679426710.526125	FjGhhy1RqTX8i4bvyf	sha1	48DAC9A0FB2BD32D4FF0DE68D2F567B735F9B3C4	142EB317B75856CBAE500940E61FAF9D8B14C2C6	0432B4B62F450248832FFE56625105683E55	good	-	-	1679241600.000000	1679846398.000000
1679426711.506497	FfH9ct3ETn3iW1vGlh	sha1	A5E2344EF5763A9CE2F31E9B9807B0075727A5F9	B390A7D8C9AF4ECD613C9F7CAD5D7F41FD6930EA	913107D3FA7F4DCEA63424B7E8D98251	good	-	-	1679300656.000000	1679905455.000000
1679426711.548866	FcfGdvrANj0Beqwkg	sha1	2828E1C94506C213EDC35EAC058B3B41C4B61D87	0D98C0737FABBDBDD9474B49AD0A4A0CAC3EC77C	45EBEB34F788C8F18AC0D044	good	-	-	1679437751.000000	1679783350.000000
1679426711.576370	FX6mlT2aUN2sA1E2v1	sha1	933232B4DE7362628418BEEE08CF27E7F4E24D74	587B8E752AFE6180AA904001AED6E807466E3F48	2479B3EA2B088A261D0242BA	good	-	-	1679434021.000000	1679779620.000000
1679426711.650633	FYipEi2d2jYIwlqHI9	sha1	6B7064FE6A7443DC2D6D5B79ECACA7AE5C2EC33F	F8EF7FF2CD7867A8DE6F8F248D88F1870302B3EB	7504885352C31BDF28089883	good	-	-	1679434591.000000	1679780190.000000
1679426712.935406	F5AXEY3nHGcstahOGe	sha1	48DAC9A0FB2BD32D4FF0DE68D2F567B735F9B3C4	142EB317B75856CBAE500940E61FAF9D8B14C2C6	044FD1015C5A8AFBE9E571B17BBAEF8720CB	good	-	-	1679310000.000000	1679914798.000000
1679426714.606303	FbmK85mCMrYS3QGMe	sha1	2828E1C94506C213EDC35EAC058B3B41C4B61D87	0D98C0737FABBDBDD9474B49AD0A4A0CAC3EC77C	5A37234A906AF352947ECA77	good	-	-	1679431179.000000	1679776778.000000
1679426716.363697	FgGmhA1EE4YHR0Amk1	sha1	6B7064FE6A7443DC2D6D5B79ECACA7AE5C2EC33F	F8EF7FF2CD7867A8DE6F8F248D88F1870302B3EB	484041C73FDB643E5E302346	good	-	-	1679427654.000000	1679773253.000000
1679426716.393638	F8UCHG2svoJy8yxHda	sha1	6B7064FE6A7443DC2D6D5B79ECACA7AE5C2EC33F	F8EF7FF2CD7867A8DE6F8F248D88F1870302B3EB	484041C73FDB643E5E302346	good	-	-	1679427654.000000	1679773253.000000
1679426716.428481	FNKOUD2NbkXYvu4SNj	sha1	6B7064FE6A7443DC2D6D5B79ECACA7AE5C2EC33F	F8EF7FF2CD7867A8DE6F8F248D88F1870302B3EB	484041C73FDB643E5E302346	good	-	-	1679427654.000000	1679773253.000000
1679426716.529833	FIfC654jAes3fEp1pi	sha1	A7C4B8B3DC5BB5581EA7D7F13AC569F56F48D789	748580C066C7DF37DECFBD2937AA031DBEEDCD17	06A818DE19039749F7360DA8D5B6A849	good	-	-	1679424301.000000	1680026401.000000
1679426717.038653	FUKs2ltktNlrGkwt1	sha1	6B7064FE6A7443DC2D6D5B79ECACA7AE5C2EC33F	F8EF7FF2CD7867A8DE6F8F248D88F1870302B3EB	484041C73FDB643E5E302346	good	-	-	1679427654.000000	1679773253.000000
1679426719.566219	FwVeC94xs6SFuzx5xa	sha1	933232B4DE7362628418BEEE08CF27E7F4E24D74	587B8E752AFE6180AA904001AED6E807466E3F48	107276BDEFDDB95A75F938E4	good	-	-	1679429899.000000	1679775498.000000
1679426719.665874	Fg3lU13UN3LpVm2ox9	sha1	933232B4DE7362628418BEEE08CF27E7F4E24D74	587B8E752AFE6180AA904001AED6E807466E3F48	107276BDEFDDB95A75F938E4	good	-	-	1679429899.000000	1679775498.000000
1679426725.219318	FCgyYJ235UuZ0pCWg8	sha1	A7C4B8B3DC5BB5581EA7D7F13AC569F56F48D789	748580C066C7DF37DECFBD2937AA031DBEEDCD17	0811C1A62FDF54D537C1AEBD3DF75655	good	-	-	1679432582.000000	1680034682.000000
1679426726.917310	FnE4c72Kz2HPdWY1Ue	sha1	2B1D1E98CCF37604D6C1C8BD15A224C804130038	0ABC0829178CA5396D7A0ECE33C72EB3EDFBC37A	010307F39131B2D0566B9B898ECDDF01	good	-	-	1679391902.000000	1679994002.000000
1679426727.193578	FcwWUu2U5NOgd81zEc	sha1	6B7064FE6A7443DC2D6D5B79ECACA7AE5C2EC33F	F8EF7FF2CD7867A8DE6F8F248D88F1870302B3EB	345B8D62CF9F00A40E8605CF	good	-	-	1679437315.000000	1679782914.000000
1679426727.212322	FCQ62R1X4OSzcgu64c	sha1	2B1D1E98CCF37604D6C1C8BD15A224C804130038	0ABC0829178CA5396D7A0ECE33C72EB3EDFBC37A	010307F39131B2D0566B9B898ECDDF01	good	-	-	1679391902.000000	1679994002.000000
1679426729.042295	FEZq5P115MM3qtCENi	sha1	C72E798ADDFF6134B3BAED4742B8BBC6C0240763	8A747FAF85CDEE95CD3D9CD0E24614F371351D27	5564783A36D9529112D91E78AAAD65D0	good	-	-	1679322686.000000	1679923885.000000
1679426729.374855	FfyZgD2iGrx8LCGLI6	sha1	6B7064FE6A7443DC2D6D5B79ECACA7AE5C2EC33F	F8EF7FF2CD7867A8DE6F8F248D88F1870302B3EB	69A94F65C40AA12BEC7D5970	good	-	-	1679433464.000000	1679779063.000000
1679426729.530326	FlldAb394AqCSw6tSk	sha1	48DAC9A0FB2BD32D4FF0DE68D2F567B735F9B3C4	142EB317B75856CBAE500940E61FAF9D8B14C2C6	04A4855024C8BC3F908A00768DE36A19BEBC	good	-	-	1679392800.000000	1679997598.000000
1679426730.860754	FRU8gc2SiA06V6sF7e	sha1	933232B4DE7362628418BEEE08CF27E7F4E24D74	587B8E752AFE6180AA904001AED6E807466E3F48	1D7C05885687DB83B4E2F5F8	good	-	-	1679433427.000000	1679779026.000000
1679426730.904936	FYUlW23lnI1tOvNbte	sha1	A5E2344EF5763A9CE2F31E9B9807B0075727A5F9	B390A7D8C9AF4ECD613C9F7CAD5D7F41FD6930EA	500E39C7CCB406AC1FFDC1BDE525D027	good	-	-	1679296288.000000	1679901087.000000
1679426731.101848	Fwplg22Hyx8oQK6hU2	sha1	430BD20E4F137A1A6C918F24E5DA7E324D4733C8	8D8C5EC454AD8AE177E99BF99B05E1B8018D61E1	19F5BD51AE103EE480A171A673FB352F	good	-	-	1679162606.000000	1679767405.000000
1679426733.570492	FbBTL42FrsgpEsCEc	sha1	48DAC9A0FB2BD32D4FF0DE68D2F567B735F9B3C4	142EB317B75856CBAE500940E61FAF9D8B14C2C6	037AE22F193138CFE86CF83D7B7E0FC625DD	good	-	-	1679266800.000000	1679871598.000000
1679426733.576381	FZCNSD3e83aMHcx5ki	sha1	8F7702DC0E21D05E555FA7C877EE1AE931EAD382	4FCBACA8C2EFABDD836F6BBFCE983D5C58257615	7E9E3EA7E8D9E68A285F0AED	good	-	-	1679430027.000000	1679775626.000000
1679426734.581739	FhHGIH29ipQP0TOWbd	sha1	CF94DC5C304AA79485721F956E67895AC21657DD	F6850A3B1186E1047D0EAA0B2CD2EECC647B7BAE	AFC0A8FDE886E5E89BEB23E189A0D987	good	-	-	1679188182.000000	1679792981.000000
1679426745.104641	FEYXai2G5zUmrETaz9	sha1	8F7702DC0E21D05E555FA7C877EE1AE931EAD382	4FCBACA8C2EFABDD836F6BBFCE983D5C58257615	5050A93E107F4CFBB00427C7	good	-	-	1679432804.000000	1679778403.000000
1679426746.248088	FNadtJLVyPGVc9Fdc	sha1	8F7702DC0E21D05E555FA7C877EE1AE931EAD382	4FCBACA8C2EFABDD836F6BBFCE983D5C58257615	670055C1E9B406DE8BA8FCEE	good	-	-	1679427687.000000	1679773286.000000
1679426748.708587	FLJDFlrdaA43idAwc	sha1	48DAC9A0FB2BD32D4FF0DE68D2F567B735F9B3C4	142EB317B75856CBAE500940E61FAF9D8B14C2C6	04B2568079A18EF6F7184666843DB06F6AC5	good	-	-	1679259600.000000	1679864398.000000
1679426748.934219	FPIhs01YVSnUzvTESh	sha1	48DAC9A0FB2BD32D4FF0DE68D2F567B735F9B3C4	142EB317B75856CBAE500940E61FAF9D8B14C2C6	04E02AAF4CE1B9EA187DEB97A3B270DB12E0	good	-	-	1679320800.000000	1679925598.000000
1679426755.343226	F9WU4NixfHyNfE9a4	sha1	6B7064FE6A7443DC2D6D5B79ECACA7AE5C2EC33F	F8EF7FF2CD7867A8DE6F8F248D88F1870302B3EB	426DC0511095FF0B252A16C8	good	-	-	1679433866.000000	1679779465.000000
1679426755.461866	FkHOzj2MyCXt7efqkd	sha1	B6080D5F6C6B76EB13E438A5F8660BA85233344E	40C2BD278ECC348330A233D7FB6CB3F0B42C80CE	892EEE88FF7CEAE5	good	-	-	1679438399.000000	1679567999.000000
1679426755.989707	F8YVgh310CgOWlPcjg	sha1	6B7064FE6A7443DC2D6D5B79ECACA7AE5C2EC33F	F8EF7FF2CD7867A8DE6F8F248D88F1870302B3EB	426DC0511095FF0B252A16C8	good	-	-	1679433866.000000	1679779465.000000
1679426755.989798	FvdUcA2SyGNyjZLTs4	sha1	6B7064FE6A7443DC2D6D5B79ECACA7AE5C2EC33F	F8EF7FF2CD7867A8DE6F8F248D88F1870302B3EB	426DC0511095FF0B252A16C8	good	-	-	1679433866.000000	1679779465.000000
1679426756.014344	FuhTNZ1j7NIwnS6y94	sha1	6B7064FE6A7443DC2D6D5B79ECACA7AE5C2EC33F	F8EF7FF2CD7867A8DE6F8F248D88F1870302B3EB	426DC0511095FF0B252A16C8	good	-	-	1679433866.000000	1679779465.000000
1679426757.463985	F5Ft6y2upxEf8Lte45	sha1	6B7064FE6A7443DC2D6D5B79ECACA7AE5C2EC33F	F8EF7FF2CD7867A8DE6F8F248D88F1870302B3EB	200A4BF2FF6F229B235F0584	good	-	-	1679431982.000000	1679777581.000000
1679426758.332691	FiHRC42T65qvMjzIu6	sha1	6B7064FE6A7443DC2D6D5B79ECACA7AE5C2EC33F	F8EF7FF2CD7867A8DE6F8F248D88F1870302B3EB	200A4BF2FF6F229B235F0584	good	-	-	1679431982.000000	1679777581.000000
1679426758.851840	FAzU3k2APZYDavzDa6	sha1	3A1979741DCF77D3D6572B57CAFFF6F62B1D5A3A	EE9A2E46F0C2DA3C5CC78CD6A47598DEA8190A65	0C673E377885E4052335497A28F97F50	good	-	-	1679371022.000000	1679973122.000000
1679426759.749229	FKijSX1Jz8CmuAxiEk	sha1	8F7702DC0E21D05E555FA7C877EE1AE931EAD382	4FCBACA8C2EFABDD836F6BBFCE983D5C58257615	346224C447BDEDC463696608	good	-	-	1679432396.000000	1679777995.000000
1679426759.783935	F5ZZK41KExuRz3Itpj	sha1	8F7702DC0E21D05E555FA7C877EE1AE931EAD382	4FCBACA8C2EFABDD836F6BBFCE983D5C58257615	346224C447BDEDC463696608	good	-	-	1679432396.000000	1679777995.000000
1679426762.205119	F4zTMk4FSZHFbLOGTd	sha1	48DAC9A0FB2BD32D4FF0DE68D2F567B735F9B3C4	142EB317B75856CBAE500940E61FAF9D8B14C2C6	04523376F390966C2C0945449B14575C0E59	good	-	-	1679274000.000000	1679878798.000000
1679426762.465500	FUlHnG4cl8JW9kQ5y8	sha1	48DAC9A0FB2BD32D4FF0DE68D2F567B735F9B3C4	142EB317B75856CBAE500940E61FAF9D8B14C2C6	0379453830385265F46652E8A88F581BC233	good	-	-	1679410800.000000	1680015598.000000
1679426769.102411	F27eml19bbN9JzN2Ba	sha1	2B1D1E98CCF37604D6C1C8BD15A224C804130038	0ABC0829178CA5396D7A0ECE33C72EB3EDFBC37A	07D9097CBD6D9DF1507AC1D13F6804C1	good	-	-	1679431141.000000	1680033241.000000
1679426769.124357	FQTJm01jCq4dGIH9pi	sha1	6B7064FE6A7443DC2D6D5B79ECACA7AE5C2EC33F	F8EF7FF2CD7867A8DE6F8F248D88F1870302B3EB	5813B577BF93344693215701	good	-	-	1679433616.000000	1679779215.000000
1679426772.788817	FBWX2a1d1oq7vCNc8d	sha1	C72E798ADDFF6134B3BAED4742B8BBC6C0240763	8A747FAF85CDEE95CD3D9CD0E24614F371351D27	0993C29C9351526912AEA923B421C171	good	-	-	1679322956.000000	1679924155.000000
1679426773.323051	FC66Ef2uzx6X6uf1nk	sha1	48DAC9A0FB2BD32D4FF0DE68D2F567B735F9B3C4	142EB317B75856CBAE500940E61FAF9D8B14C2C6	03A52C3FF942E5C63C1D901754904DC89123	good	-	-	1679320800.000000	1679925598.000000
1679426777.728994	F9Mwo718ga46pG1hMc	sha1	0C9E4D9C3DEDEF84D891E972C7CF8406BC197B07	96DE61F1BD1C1629531CC0CC7D3B830040E61A7C	36E95FE39659B630730FB87B	good	-	-	1679436521.000000	1679782120.000000
1679426781.044804	FBYHFW2rCC0BkwbKO2	sha1	2828E1C94506C213EDC35EAC058B3B41C4B61D87	0D98C0737FABBDBDD9474B49AD0A4A0CAC3EC77C	132D99B86D3CA77ADD54B24E	good	-	-	1679437138.000000	1679782737.000000
1679426784.032955	FnYfbl3433JhH9kBl2	sha1	B6080D5F6C6B76EB13E438A5F8660BA85233344E	40C2BD278ECC348330A233D7FB6CB3F0B42C80CE	E27C62D886A2BEE0	good	-	-	1679361834.000000	1679491434.000000
1679426784.771202	F4Nwi329tLt44hIvyf	sha1	6B7064FE6A7443DC2D6D5B79ECACA7AE5C2EC33F	F8EF7FF2CD7867A8DE6F8F248D88F1870302B3EB	404AFCF79B23B39E3BF7BB98	good	-	-	1679434087.000000	1679779686.000000
1679426785.032641	F0lKs33H6d1t2oayM8	sha1	B6080D5F6C6B76EB13E438A5F8660BA85233344E	40C2BD278ECC348330A233D7FB6CB3F0B42C80CE	E27C62D886A2BEE0	good	-	-	1679361834.000000	1679491434.000000
1679426785.394045	FBO3zw34LgimPZ57W9	sha1	48DAC9A0FB2BD32D4FF0DE68D2F567B735F9B3C4	142EB317B75856CBAE500940E61FAF9D8B14C2C6	034D477F23D9344F5FF2C574126C9EC7C5D7	good	-	-	1679378400.000000	1679983198.000000
1679426785.447157	F0x4uA3W5XefKHcLk5	sha1	6B7064FE6A7443DC2D6D5B79ECACA7AE5C2EC33F	F8EF7FF2CD7867A8DE6F8F248D88F1870302B3EB	404AFCF79B23B39E3BF7BB98	good	-	-	1679434087.000000	1679779686.000000
1679426786.422611	FtdAfd4q7URq2QnHpg	sha1	48DAC9A0FB2BD32D4FF0DE68D2F567B735F9B3C4	142EB317B75856CBAE500940E61FAF9D8B14C2C6	034D477F23D9344F5FF2C574126C9EC7C5D7	good	-	-	1679378400.000000	1679983198.000000
1679426790.187623	Fin11kzrj6dDeCkag	sha1	C72E798ADDFF6134B3BAED4742B8BBC6C0240763	8A747FAF85CDEE95CD3D9CD0E24614F371351D27	A64CD0792CFBF8190A2D434E9039257F	good	-	-	1679322956.000000	1679924155.000000
1679426797.372894	FLadiU3WxPPrbIHXcb	sha1	C72E798ADDFF6134B3BAED4742B8BBC6C0240763	8A747FAF85CDEE95CD3D9CD0E24614F371351D27	C7A69F976BBB01010A28164340BAA8F8	good	-	-	1679322697.000000	1679923896.000000
1679426797.806488	FcyU8p4EJvDmX9VJ4f	sha1	C72E798ADDFF6134B3BAED4742B8BBC6C0240763	8A747FAF85CDEE95CD3D9CD0E24614F371351D27	C7A69F976BBB01010A28164340BAA8F8	good	-	-	1679409191.000000	1680010390.000000
1679426842.921622	FVfQ6WcPahmr9JSK4	sha1	C72E798ADDFF6134B3BAED4742B8BBC6C0240763	8A747FAF85CDEE95CD3D9CD0E24614F371351D27	6B4B1F8B614C88FD121849E8B347CB7E	good	-	-	1679322945.000000	1679924144.000000
1679426851.190295	Fn9rU04y1KsJdBOEK5	sha1	6B7064FE6A7443DC2D6D5B79ECACA7AE5C2EC33F	F8EF7FF2CD7867A8DE6F8F248D88F1870302B3EB	200A4BF2FF6F229B235F0584	good	-	-	1679431982.000000	1679777581.000000
1679426851.919222	FW3E6B3jVwZvscVh4b	sha1	C72E798ADDFF6134B3BAED4742B8BBC6C0240763	8A747FAF85CDEE95CD3D9CD0E24614F371351D27	D4BA379ECF29E4D012559E26C147C476	good	-	-	1679330212.000000	1679931411.000000
1679426851.978786	FULvhd3Zfbpel6a28h	sha1	C72E798ADDFF6134B3BAED4742B8BBC6C0240763	8A747FAF85CDEE95CD3D9CD0E24614F371351D27	D4BA379ECF29E4D012559E26C147C476	good	-	-	1679330212.000000	1679931411.000000
1679427004.204049	FtqaMc3XNBRIMNFkOi	sha1	430BD20E4F137A1A6C918F24E5DA7E324D4733C8	8D8C5EC454AD8AE177E99BF99B05E1B8018D61E1	6317FF15C23A7409F93E5B62F85E520D	good	-	-	1679318986.000000	1679923785.000000
1679427004.453571	F3wYH04YNWwaLSRFd2	sha1	84D56BF8098BD307B766D8E1EBAD6596AA6B6761	F5CDD53C0850F96A4F3AB797DA5683E669D268F7	147C6FDD0850187D82E80847	good	-	-	1679436547.000000	1679782146.000000
1679427006.726566	FzsHTZ2pARmKab61Vk	sha1	430BD20E4F137A1A6C918F24E5DA7E324D4733C8	8D8C5EC454AD8AE177E99BF99B05E1B8018D61E1	6317FF15C23A7409F93E5B62F85E520D	good	-	-	1679318986.000000	1679923785.000000
1679427007.153610	FJVdux3RK9vg1Rvk62	sha1	8F7702DC0E21D05E555FA7C877EE1AE931EAD382	4FCBACA8C2EFABDD836F6BBFCE983D5C58257615	54AEE03F713FF2E097DE7B0A	good	-	-	1679434760.000000	1679780359.000000
1679427007.202516	Fs0iuL2XLkPMMiyop8	sha1	8F7702DC0E21D05E555FA7C877EE1AE931EAD382	4FCBACA8C2EFABDD836F6BBFCE983D5C58257615	54AEE03F713FF2E097DE7B0A	good	-	-	1679434760.000000	1679780359.000000
1679427007.348786	Fy3eYp2dkjwUhCFn56	sha1	8F7702DC0E21D05E555FA7C877EE1AE931EAD382	4FCBACA8C2EFABDD836F6BBFCE983D5C58257615	1D8356D2FA67E9A2782889C3	good	-	-	1679434758.000000	1679780357.000000
1679427007.377727	FrMgED2UXM7UHYwadd	sha1	8F7702DC0E21D05E555FA7C877EE1AE931EAD382	4FCBACA8C2EFABDD836F6BBFCE983D5C58257615	17BA4CF92197789670D276AE	good	-	-	1679438468.000000	1679784067.000000
1679427007.384116	FRQqtrd0LXBnRzfo6	sha1	84D56BF8098BD307B766D8E1EBAD6596AA6B6761	F5CDD53C0850F96A4F3AB797DA5683E669D268F7	3CE7B65BFA6D18A519B6F42A	good	-	-	1679440882.000000	1679786481.000000
1679427007.950320	F0U4KM1zEpTaxzlJlk	sha1	2828E1C94506C213EDC35EAC058B3B41C4B61D87	0D98C0737FABBDBDD9474B49AD0A4A0CAC3EC77C	5B1F5ECBABB0A64CBE205F9E	good	-	-	1679432153.000000	1679777752.000000
1679427007.950352	FwXU5R3QtGjOC7qMx4	sha1	2828E1C94506C213EDC35EAC058B3B41C4B61D87	0D98C0737FABBDBDD9474B49AD0A4A0CAC3EC77C	2DA9DA1A5A1938AE1D0D1141	good	-	-	1679435721.000000	1679781320.000000
1679427007.983729	FEJSo53RLg4uHVzXW7	sha1	48DAC9A0FB2BD32D4FF0DE68D2F567B735F9B3C4	142EB317B75856CBAE500940E61FAF9D8B14C2C6	038D7C6D7630BB99250C588E6C6B61F672B2	good	-	-	1679263200.000000	1679867998.000000
1679427008.049245	FtEa0eFEeiMCV7SUj	sha1	48DAC9A0FB2BD32D4FF0DE68D2F567B735F9B3C4	142EB317B75856CBAE500940E61FAF9D8B14C2C6	04C8B595B116EF743F22BDE4110A9F3C1679	good	-	-	1679263200.000000	1679867998.000000
1679427009.995575	F6NVsn4WXc0Wiywjfh	sha1	6B7064FE6A7443DC2D6D5B79ECACA7AE5C2EC33F	F8EF7FF2CD7867A8DE6F8F248D88F1870302B3EB	678BFC2D62AD962FFDFC51C8	good	-	-	1679429830.000000	1679775429.000000
1679427011.336433	FyfJ614hb7bYXYmpvk	sha1	933232B4DE7362628418BEEE08CF27E7F4E24D74	587B8E752AFE6180AA904001AED6E807466E3F48	15EBA7EECEA78482970D5E0A	good	-	-	1679434336.000000	1679779935.000000
1679427012.326890	F923tI2XsPR4KgMS5	sha1	84D56BF8098BD307B766D8E1EBAD6596AA6B6761	F5CDD53C0850F96A4F3AB797DA5683E669D268F7	7FF097B765D3BF21ECD0235F	good	-	-	1679437707.000000	1679783306.000000
1679427061.813646	FnEXi5ZWScovA3ioj	sha1	933232B4DE7362628418BEEE08CF27E7F4E24D74	587B8E752AFE6180AA904001AED6E807466E3F48	3AC40707BD25E0584579FF07	good	-	-	1679430760.000000	1679776359.000000
1679427064.777211	FcG7gf2Kq5IR4rl0uh	sha1	6B7064FE6A7443DC2D6D5B79ECACA7AE5C2EC33F	F8EF7FF2CD7867A8DE6F8F248D88F1870302B3EB	038F84B736E22C0D9F8EFB8C	good	-	-	1679430335.000000	1679775934.000000
1679427067.282185	FjD9oA3juNfhM4tDU3	sha1	6B7064FE6A7443DC2D6D5B79ECACA7AE5C2EC33F	F8EF7FF2CD7867A8DE6F8F248D88F1870302B3EB	1049801273028DE23BEFF7C1	good	-	-	1679437750.000000	1679783349.000000
1679427067.649278	FdFFz34qmzNF9z2XX8	sha1	6B7064FE6A7443DC2D6D5B79ECACA7AE5C2EC33F	F8EF7FF2CD7867A8DE6F8F248D88F1870302B3EB	1049801273028DE23BEFF7C1	good	-	-	1679437750.000000	1679783349.000000
1679427067.698670	FKww3MJT968t9c5o8	sha1	6B7064FE6A7443DC2D6D5B79ECACA7AE5C2EC33F	F8EF7FF2CD7867A8DE6F8F248D88F1870302B3EB	1049801273028DE23BEFF7C1	good	-	-	1679437750.000000	1679783349.000000
1679427067.777761	FvxQ622kzUoSC7UDZ9	sha1	6B7064FE6A7443DC2D6D5B79ECACA7AE5C2EC33F	F8EF7FF2CD7867A8DE6F8F248D88F1870302B3EB	1049801273028DE23BEFF7C1	good	-	-	1679437750.000000	1679783349.000000
1679427067.833396	FS5H9j3kvstROufOm	sha1	6B7064FE6A7443DC2D6D5B79ECACA7AE5C2EC33F	F8EF7FF2CD7867A8DE6F8F248D88F1870302B3EB	39010B3CF068FE5DE398C2C9	good	-	-	1679436087.000000	1679781686.000000
1679427067.996149	FoZbj59jsbwAdbHb6	sha1	6B7064FE6A7443DC2D6D5B79ECACA7AE5C2EC33F	F8EF7FF2CD7867A8DE6F8F248D88F1870302B3EB	39010B3CF068FE5DE398C2C9	good	-	-	1679436087.000000	1679781686.000000
1679427068.808000	F4ybus1CwHSqBXSTm2	sha1	6B7064FE6A7443DC2D6D5B79ECACA7AE5C2EC33F	F8EF7FF2CD7867A8DE6F8F248D88F1870302B3EB	39010B3CF068FE5DE398C2C9	good	-	-	1679436087.000000	1679781686.000000
1679427068.818267	F0iPR31V0443RjU8Vc	sha1	6B7064FE6A7443DC2D6D5B79ECACA7AE5C2EC33F	F8EF7FF2CD7867A8DE6F8F248D88F1870302B3EB	39010B3CF068FE5DE398C2C9	good	-	-	1679436087.000000	1679781686.000000
1679427069.311148	Fd1cnw1vhbemHMLoK3	sha1	6B7064FE6A7443DC2D6D5B79ECACA7AE5C2EC33F	F8EF7FF2CD7867A8DE6F8F248D88F1870302B3EB	39010B3CF068FE5DE398C2C9	good	-	-	1679436087.000000	1679781686.000000
1679427073.856800	FO8doX32WcS6KU9N17	sha1	6B7064FE6A7443DC2D6D5B79ECACA7AE5C2EC33F	F8EF7FF2CD7867A8DE6F8F248D88F1870302B3EB	6260FF06BD5B19FB60BCB3FC	good	-	-	1679434739.000000	1679780338.000000
1679427103.098482	FbV5rC1re9DMEgODHj	sha1	6B7064FE6A7443DC2D6D5B79ECACA7AE5C2EC33F	F8EF7FF2CD7867A8DE6F8F248D88F1870302B3EB	0C0C92E4090662A7C28315EA	good	-	-	1679438007.000000	1679783606.000000
1679427104.478106	FbzpCESyMvf5SXWZ7	sha1	6B7064FE6A7443DC2D6D5B79ECACA7AE5C2EC33F	F8EF7FF2CD7867A8DE6F8F248D88F1870302B3EB	2AD31A8C2FF10CD70ADCF433	good	-	-	1679435538.000000	1679781137.000000
1679427104.483329	FPV3Lj2miJcFuVNHkh	sha1	6B7064FE6A7443DC2D6D5B79ECACA7AE5C2EC33F	F8EF7FF2CD7867A8DE6F8F248D88F1870302B3EB	2AD31A8C2FF10CD70ADCF433	good	-	-	1679435538.000000	1679781137.000000
1679427104.494049	F0OEQd3Y0j8swWcU43	sha1	6B7064FE6A7443DC2D6D5B79ECACA7AE5C2EC33F	F8EF7FF2CD7867A8DE6F8F248D88F1870302B3EB	2AD31A8C2FF10CD70ADCF433	good	-	-	1679435538.000000	1679781137.000000
1679427104.494247	FL3CNB1yGcyftlCtPi	sha1	6B7064FE6A7443DC2D6D5B79ECACA7AE5C2EC33F	F8EF7FF2CD7867A8DE6F8F248D88F1870302B3EB	2AD31A8C2FF10CD70ADCF433	good	-	-	1679435538.000000	1679781137.000000
1679427104.494343	FG6RHK67nISSi5285	sha1	6B7064FE6A7443DC2D6D5B79ECACA7AE5C2EC33F	F8EF7FF2CD7867A8DE6F8F248D88F1870302B3EB	2AD31A8C2FF10CD70ADCF433	good	-	-	1679435538.000000	1679781137.000000
1679427105.266263	F9Qqxx1v4emq2ibNIg	sha1	6B7064FE6A7443DC2D6D5B79ECACA7AE5C2EC33F	F8EF7FF2CD7867A8DE6F8F248D88F1870302B3EB	4D69F8738A7CB8FC887FF705	good	-	-	1679435697.000000	1679781296.000000
1679427105.294262	FyhHT12zAS5Yz8rh0g	sha1	933232B4DE7362628418BEEE08CF27E7F4E24D74	587B8E752AFE6180AA904001AED6E807466E3F48	4CB3E86A97D959861CC283E2	good	-	-	1679428371.000000	1679773970.000000
1679427136.379034	FjbTGa1UsIgdaoeSel	sha1	6B7064FE6A7443DC2D6D5B79ECACA7AE5C2EC33F	F8EF7FF2CD7867A8DE6F8F248D88F1870302B3EB	564F919B4DE1B0F403205F38	good	-	-	1679431138.000000	1679776737.000000
1679427173.082791	FYAN2A3gX7NNDOqAId	sha1	E4E395A229D3D4C1C31FF0980C0B4EC0098AABD8	B76BA2EAA8AA848C79EAB4DA0F98B2C59576B9F4	048B16208DEDA0CE094AFED2AF2490BD	good	-	-	1679239262.000000	1679841362.000000
1679427174.663010	FrxOan4BrHuUUMhoK2	sha1	0C9E4D9C3DEDEF84D891E972C7CF8406BC197B07	96DE61F1BD1C1629531CC0CC7D3B830040E61A7C	7E9372B36A5B98B9C4548565	good	-	-	1679439294.000000	1679784893.000000
1679427174.929273	Fbv5Lq33lXHMBVySyi	sha1	E4E395A229D3D4C1C31FF0980C0B4EC0098AABD8	B76BA2EAA8AA848C79EAB4DA0F98B2C59576B9F4	074D758210A86528AE22D876FEC59682	good	-	-	1679341502.000000	1679943602.000000
1679427176.198525	FLAyy63SY4ko7Lrz1b	sha1	E4E395A229D3D4C1C31FF0980C0B4EC0098AABD8	B76BA2EAA8AA848C79EAB4DA0F98B2C59576B9F4	074D758210A86528AE22D876FEC59682	good	-	-	1679341502.000000	1679943602.000000
1679427176.318223	F56C9YajVLOMDOTF6	sha1	2828E1C94506C213EDC35EAC058B3B41C4B61D87	0D98C0737FABBDBDD9474B49AD0A4A0CAC3EC77C	4193F609876279254E666102	good	-	-	1679436536.000000	1679782135.000000
1679427176.341414	FvPPDeuU1NQBZ2r6d	sha1	2828E1C94506C213EDC35EAC058B3B41C4B61D87	0D98C0737FABBDBDD9474B49AD0A4A0CAC3EC77C	4193F609876279254E666102	good	-	-	1679436536.000000	1679782135.000000
1679427176.341455	FlyhoK1KBa4OnefjTl	sha1	2828E1C94506C213EDC35EAC058B3B41C4B61D87	0D98C0737FABBDBDD9474B49AD0A4A0CAC3EC77C	4193F609876279254E666102	good	-	-	1679436536.000000	1679782135.000000
1679427176.341558	F0yFrFFvcRO92i1l8	sha1	2828E1C94506C213EDC35EAC058B3B41C4B61D87	0D98C0737FABBDBDD9474B49AD0A4A0CAC3EC77C	4193F609876279254E666102	good	-	-	1679436536.000000	1679782135.000000
1679427176.341647	FzsL6Xn29I84l1k24	sha1	2828E1C94506C213EDC35EAC058B3B41C4B61D87	0D98C0737FABBDBDD9474B49AD0A4A0CAC3EC77C	4193F609876279254E666102	good	-	-	1679436536.000000	1679782135.000000
1679427176.369042	F2VxOb1m6pa22LUrMk	sha1	E4E395A229D3D4C1C31FF0980C0B4EC0098AABD8	B76BA2EAA8AA848C79EAB4DA0F98B2C59576B9F4	074D758210A86528AE22D876FEC59682	good	-	-	1679341502.000000	1679943602.000000
1679427177.259011	F5dJLS2HJAGWU0VkFh	sha1	0C9E4D9C3DEDEF84D891E972C7CF8406BC197B07	96DE61F1BD1C1629531CC0CC7D3B830040E61A7C	47137E24217A83742D9C3B72	good	-	-	1679432811.000000	1679778410.000000
1679427182.307820	FWw0Mz3fyWFyfPQ3di	sha1	0C9E4D9C3DEDEF84D891E972C7CF8406BC197B07	96DE61F1BD1C1629531CC0CC7D3B830040E61A7C	3CE43ECFED50CC58DDE81F05	good	-	-	1679432728.000000	1679778327.000000
1679427182.325365	F2YmAT3pVDHZdDMq9g	sha1	0C9E4D9C3DEDEF84D891E972C7CF8406BC197B07	96DE61F1BD1C1629531CC0CC7D3B830040E61A7C	3CE43ECFED50CC58DDE81F05	good	-	-	1679432728.000000	1679778327.000000
1679427183.221029	F7A80ngcy6SaPI7ue	sha1	0C9E4D9C3DEDEF84D891E972C7CF8406BC197B07	96DE61F1BD1C1629531CC0CC7D3B830040E61A7C	662D406D67EBF08746A92C55	good	-	-	1679431261.000000	1679776860.000000
1679427185.476537	FjZeKn1DawhEoCy8E7	sha1	E4E395A229D3D4C1C31FF0980C0B4EC0098AABD8	B76BA2EAA8AA848C79EAB4DA0F98B2C59576B9F4	074D758210A86528AE22D876FEC59682	good	-	-	1679341502.000000	1679943602.000000
1679427189.960272	FShjKn3kMNxzxc5mK5	sha1	952CCEA6F5749A2B6A57C9CDF9EF214956380DC1	6886B87D7AD96D496B872F188B15346CD7B47A0E	0993938D5D1E44859220CD91	good	-	-	1679430884.000000	1679776483.000000
1679427211.677943	FCXwib1sFf5ZgbkOT6	sha1	0C9E4D9C3DEDEF84D891E972C7CF8406BC197B07	96DE61F1BD1C1629531CC0CC7D3B830040E61A7C	140209FBD4A54E9A5E13D1DA	good	-	-	1679435211.000000	1679780810.000000
1679427270.586095	FdyOK32UyqCkuezuBd	sha1	84D56BF8098BD307B766D8E1EBAD6596AA6B6761	F5CDD53C0850F96A4F3AB797DA5683E669D268F7	1F2C66477DCF7081D87F4DC2	good	-	-	1679438238.000000	1679783837.000000
1679427301.680582	F9a8jMqu9fysjIGX7	sha1	EC4A2797F8915935139678B3E8C8A21D097B312E	D5FC9E0DDF1ECADD0897976E2BC55FC52BF5ECB8	A1388EACC5D21F6F0EFF445B8C66BC58	good	-	-	1679130513.000000	1679731712.000000
1679427301.791972	Fhpu6o3z2V9zAIwYs5	sha1	17D9D24A25BB59BAF91DEABB4BD9D44A0F31D98C	FA9139639AFBAD1024E5BEB5B9DAABD9C44669AB	01624E99483377191F8A527D7BF91BD7	good	-	-	1679425200.000000	1679468400.000000
1679427304.380092	FDUTtI1S5S6ANdHK74	sha1	430BD20E4F137A1A6C918F24E5DA7E324D4733C8	8D8C5EC454AD8AE177E99BF99B05E1B8018D61E1	FBB8BD308D303A215464E5D766F396A3	good	-	-	1679147219.000000	1679752018.000000
1679427304.380118	FzPUfM1dSsMLRtLfn9	sha1	430BD20E4F137A1A6C918F24E5DA7E324D4733C8	8D8C5EC454AD8AE177E99BF99B05E1B8018D61E1	FBB8BD308D303A215464E5D766F396A3	good	-	-	1679147219.000000	1679752018.000000
1679427515.709788	FjaWVv2f6TjQkzhazj	sha1	430BD20E4F137A1A6C918F24E5DA7E324D4733C8	8D8C5EC454AD8AE177E99BF99B05E1B8018D61E1	14B6BF0387DCD9C12F168E91545E7F0D	good	-	-	1679427665.000000	1680032464.000000
1679427524.804496	FgDNmS1u6V09ITzXl6	sha1	430BD20E4F137A1A6C918F24E5DA7E324D4733C8	8D8C5EC454AD8AE177E99BF99B05E1B8018D61E1	14B6BF0387DCD9C12F168E91545E7F0D	good	-	-	1679427665.000000	1680032464.000000
1679427525.472681	FG4B5AxL5uuyjRGPf	sha1	430BD20E4F137A1A6C918F24E5DA7E324D4733C8	8D8C5EC454AD8AE177E99BF99B05E1B8018D61E1	14B6BF0387DCD9C12F168E91545E7F0D	good	-	-	1679427665.000000	1680032464.000000
1679427529.899010	F50TxW3qONO9ntXb8f	sha1	2828E1C94506C213EDC35EAC058B3B41C4B61D87	0D98C0737FABBDBDD9474B49AD0A4A0CAC3EC77C	3E19448546492A1223E795BE	good	-	-	1679430716.000000	1679776315.000000
1679427546.790686	FypGKr1F0AgvJqCR69	sha1	CF94DC5C304AA79485721F956E67895AC21657DD	F6850A3B1186E1047D0EAA0B2CD2EECC647B7BAE	AFC0A8FDE886E5E89BEB23E189A0D987	good	-	-	1679188182.000000	1679792981.000000
1679427553.785668	Fj7hFk4dYWHYWtR9Te	sha1	3A1979741DCF77D3D6572B57CAFFF6F62B1D5A3A	EE9A2E46F0C2DA3C5CC78CD6A47598DEA8190A65	0C673E377885E4052335497A28F97F50	good	-	-	1679371022.000000	1679973122.000000
1679427573.549800	FQtcMk2jIGion7PE9b	sha1	48DAC9A0FB2BD32D4FF0DE68D2F567B735F9B3C4	142EB317B75856CBAE500940E61FAF9D8B14C2C6	030725CFFC5BB8ED7965F0556F72B3D009EC	good	-	-	1679436000.000000	1680040798.000000
1679427575.619201	Fa0NzF1mVeK7EXMlZ5	sha1	B25C1CBFF19ECD1AC5D204B3131525E52523684C	FD9E22F87AC8E8797E537D439A61DEBFDB0F1D09	D27B9194F687E5A280DF9D5A0D090BD5	good	-	-	1679343407.000000	1679948206.000000
1679427576.091094	FQrp1r2qJjU2gBb6zl	sha1	48DAC9A0FB2BD32D4FF0DE68D2F567B735F9B3C4	142EB317B75856CBAE500940E61FAF9D8B14C2C6	034E53568243124BB729C35E55889413F43C	good	-	-	1679320800.000000	1679925598.000000
1679427576.105654	FTfzpK1Cz7p1R04Lui	sha1	48DAC9A0FB2BD32D4FF0DE68D2F567B735F9B3C4	142EB317B75856CBAE500940E61FAF9D8B14C2C6	034E53568243124BB729C35E55889413F43C	good	-	-	1679320800.000000	1679925598.000000
1679427576.481938	FK2Y4o3lZjVn3hPppk	sha1	48DAC9A0FB2BD32D4FF0DE68D2F567B735F9B3C4	142EB317B75856CBAE500940E61FAF9D8B14C2C6	034E53568243124BB729C35E55889413F43C	good	-	-	1679320800.000000	1679925598.000000
1679427576.506241	F1IV3Jb4jWx9WQun9	sha1	48DAC9A0FB2BD32D4FF0DE68D2F567B735F9B3C4	142EB317B75856CBAE500940E61FAF9D8B14C2C6	034E53568243124BB729C35E55889413F43C	good	-	-	1679320800.000000	1679925598.000000
1679427578.269397	FeGstz2HHW6vGsRom6	sha1	430BD20E4F137A1A6C918F24E5DA7E324D4733C8	8D8C5EC454AD8AE177E99BF99B05E1B8018D61E1	6317FF15C23A7409F93E5B62F85E520D	good	-	-	1679318986.000000	1679923785.000000
1679427578.465168	FzuSkK2jmoCoxK8YEb	sha1	6B7064FE6A7443DC2D6D5B79ECACA7AE5C2EC33F	F8EF7FF2CD7867A8DE6F8F248D88F1870302B3EB	5FD2B633BB3C1CEE012F1B0C	good	-	-	1679432652.000000	1679778251.000000
1679427578.485718	FycdsF1u23BM3jJ8Xe	sha1	6B7064FE6A7443DC2D6D5B79ECACA7AE5C2EC33F	F8EF7FF2CD7867A8DE6F8F248D88F1870302B3EB	5FD2B633BB3C1CEE012F1B0C	good	-	-	1679432652.000000	1679778251.000000
1679427578.505899	FlHjw549CvYYHh1Drb	sha1	6B7064FE6A7443DC2D6D5B79ECACA7AE5C2EC33F	F8EF7FF2CD7867A8DE6F8F248D88F1870302B3EB	5FD2B633BB3C1CEE012F1B0C	good	-	-	1679432652.000000	1679778251.000000
1679427578.518527	FSouPHH4PzBTVw2B4	sha1	6B7064FE6A7443DC2D6D5B79ECACA7AE5C2EC33F	F8EF7FF2CD7867A8DE6F8F248D88F1870302B3EB	5FD2B633BB3C1CEE012F1B0C	good	-	-	1679432652.000000	1679778251.000000
1679427578.546491	FJ0G6v1bIfv6smuRAg	sha1	6B7064FE6A7443DC2D6D5B79ECACA7AE5C2EC33F	F8EF7FF2CD7867A8DE6F8F248D88F1870302B3EB	664270CDC9B372E7FC956463	good	-	-	1679438676.000000	1679784275.000000
1679427585.009992	Fz5Ujb3IUtpzIco0D2	sha1	6B7064FE6A7443DC2D6D5B79ECACA7AE5C2EC33F	F8EF7FF2CD7867A8DE6F8F248D88F1870302B3EB	3753ECD89FC2E3C72DF74113	good	-	-	1679441112.000000	1679786711.000000
1679427585.027526	FeUtyfBVu8VySgTdf	sha1	6B7064FE6A7443DC2D6D5B79ECACA7AE5C2EC33F	F8EF7FF2CD7867A8DE6F8F248D88F1870302B3EB	3753ECD89FC2E3C72DF74113	good	-	-	1679441112.000000	1679786711.000000
1679427590.651276	FRywI33HDJkHQ4V4m1	sha1	430BD20E4F137A1A6C918F24E5DA7E324D4733C8	8D8C5EC454AD8AE177E99BF99B05E1B8018D61E1	6317FF15C23A7409F93E5B62F85E520D	good	-	-	1679318986.000000	1679923785.000000
1679427592.528755	Fz1xRn34vCfoPXe19h	sha1	48DAC9A0FB2BD32D4FF0DE68D2F567B735F9B3C4	142EB317B75856CBAE500940E61FAF9D8B14C2C6	048708FFD5636E45F367F8552FC04933466F	good	-	-	1679425200.000000	1680029998.000000
1679427592.550840	FTYgGW2rBOJYPFj0vl	sha1	48DAC9A0FB2BD32D4FF0DE68D2F567B735F9B3C4	142EB317B75856CBAE500940E61FAF9D8B14C2C6	048708FFD5636E45F367F8552FC04933466F	good	-	-	1679425200.000000	1680029998.000000
1679427596.557906	F37YF3k5JvkQ4YnHg	sha1	48DAC9A0FB2BD32D4FF0DE68D2F567B735F9B3C4	142EB317B75856CBAE500940E61FAF9D8B14C2C6	0368EC8D03DC9033154237D93B9063A120B3	good	-	-	1679414400.000000	1680019198.000000
1679427596.576799	FZ26zF4L5as1oxUnN1	sha1	48DAC9A0FB2BD32D4FF0DE68D2F567B735F9B3C4	142EB317B75856CBAE500940E61FAF9D8B14C2C6	03C9F0089526B1178E539AC8146D11A01831	good	-	-	1679302800.000000	1679907598.000000
1679427599.662194	FUXXUp3OZz5i7kiNd6	sha1	48DAC9A0FB2BD32D4FF0DE68D2F567B735F9B3C4	142EB317B75856CBAE500940E61FAF9D8B14C2C6	032216419B54191E42B2491C8C3CE2525F64	good	-	-	1679259600.000000	1679864398.000000
1679427599.662565	F4iUcf3X76F17MMSA3	sha1	48DAC9A0FB2BD32D4FF0DE68D2F567B735F9B3C4	142EB317B75856CBAE500940E61FAF9D8B14C2C6	032216419B54191E42B2491C8C3CE2525F64	good	-	-	1679259600.000000	1679864398.000000
1679427599.954528	FsWhXo2DD77PYRJEl3	sha1	48DAC9A0FB2BD32D4FF0DE68D2F567B735F9B3C4	142EB317B75856CBAE500940E61FAF9D8B14C2C6	048620708E0FCFA4C8AB2AC4640B38253518	good	-	-	1679263200.000000	1679867998.000000
1679427600.015344	FmDUhkvcl0vUpOxUd	sha1	6B7064FE6A7443DC2D6D5B79ECACA7AE5C2EC33F	F8EF7FF2CD7867A8DE6F8F248D88F1870302B3EB	766285BD7A9530B940FBBFC9	good	-	-	1679441928.000000	1679787527.000000
1679427600.882290	F4IP5g22DHyyx9ROtb	sha1	B25C1CBFF19ECD1AC5D204B3131525E52523684C	FD9E22F87AC8E8797E537D439A61DEBFDB0F1D09	D27B9194F687E5A280DF9D5A0D090BD5	good	-	-	1679343407.000000	1679948206.000000
1679427604.003786	FL111z3AAUf2zbxVU2	sha1	48DAC9A0FB2BD32D4FF0DE68D2F567B735F9B3C4	142EB317B75856CBAE500940E61FAF9D8B14C2C6	04750352028158E0B9408636E0AF2029E738	good	-	-	1679320800.000000	1679925598.000000
1679427606.308757	FCE0yo235e4Eb5a0ig	sha1	48DAC9A0FB2BD32D4FF0DE68D2F567B735F9B3C4	142EB317B75856CBAE500940E61FAF9D8B14C2C6	0488D69ECEC9A4431B24AE49BEFD94007B4C	good	-	-	1679320800.000000	1679925598.000000
1679427663.714367	FWe3cK3gpQE8uY1dBe	sha1	48DAC9A0FB2BD32D4FF0DE68D2F567B735F9B3C4	142EB317B75856CBAE500940E61FAF9D8B14C2C6	03C6F954F4439185FFAA6950BEB87206A99D	good	-	-	1679259600.000000	1679864398.000000
#close	2023-03-22-02-38-11
